<?xml version="1.0" encoding="UTF-8"?>
<!-- Generated by org.testng.reporters.JUnitReportReporter -->
<testsuite skipped="0" hostname="Harish" name="driver.DriverScript" tests="1" failures="0" timestamp="2021-07-02T12:59:16 IST" time="17.500" errors="0">
  <testcase name="executeTests" time="17.500" classname="driver.DriverScript"/>
  <system-out/>
</testsuite> <!-- driver.DriverScript -->
