<?xml version="1.0" encoding="UTF-8"?>
<!-- Generated by org.testng.reporters.JUnitReportReporter -->
<testsuite skipped="0" hostname="Harish" name="methods.AppIndependentMethods" tests="1" failures="0" timestamp="2021-07-02T13:03:38 IST" time="15.778" errors="0">
  <testcase name="executeTests" time="15.778" classname="methods.AppIndependentMethods"/>
  <system-out/>
</testsuite> <!-- methods.AppIndependentMethods -->
