<?xml version="1.0" encoding="UTF-8"?>
<!-- Generated by org.testng.reporters.JUnitReportReporter -->
<testsuite skipped="0" hostname="Harish" name="driver.DriverScript" tests="1" failures="0" timestamp="2021-07-02T13:04:03 IST" time="15.713" errors="0">
  <testcase name="executeTests" time="15.713" classname="driver.DriverScript"/>
  <system-out/>
</testsuite> <!-- driver.DriverScript -->
